1708241125515:add a new students
1708241129120:add
1708241193179:addStudent Jim Smitt 30
1708241205930:show
1708241273618:addStudent
1708241484494:displayStudents
1708241498613:Display all students
1708241525333:Add a new student
1708241545175:addStudent dhfj aksks 12
1708364869207:add
1708364884744:displayStudents
1708364939842:addStudent
1708364945330:add
1708364975665:Display all students
1708366802583:help
1708367024714:add-student
1708367099500:add-student Jivan Jivanovich 43
1708367127911:add-sdudent Ivan Dobrov 33
1708367165633:dasplay-student
1708367184924:display-students
1708367215186:add-student Ivan Ivanov 22
1708367230504:display-students
1708367739740:help
1708368246284:history
1708368334988:help
